{"src/main.js":{"path":"src/main.js","s":{"1":1,"2":1,"3":11,"4":11,"5":11,"6":17,"7":17,"8":17,"9":27,"10":10,"11":17,"12":17,"13":43,"14":43,"15":61,"16":43,"17":3,"18":3,"19":11,"20":59,"21":59,"22":11,"23":3,"24":11,"25":11,"26":11},"b":{"1":[11,11],"2":[11,11],"3":[10,17],"4":[10,6],"5":[61,24],"6":[1,2],"7":[59,57],"8":[17,42],"9":[59,57]},"f":{"1":11,"2":17,"3":27,"4":43,"5":61,"6":3,"7":59,"8":3},"fnMap":{"1":{"name":"(anonymous_1)","line":5,"loc":{"start":{"line":5,"column":17},"end":{"line":5,"column":44}}},"2":{"name":"(anonymous_2)","line":10,"loc":{"start":{"line":10,"column":23},"end":{"line":10,"column":49}}},"3":{"name":"(anonymous_3)","line":18,"loc":{"start":{"line":18,"column":18},"end":{"line":18,"column":34}}},"4":{"name":"(anonymous_4)","line":33,"loc":{"start":{"line":33,"column":17},"end":{"line":33,"column":36}}},"5":{"name":"(anonymous_5)","line":38,"loc":{"start":{"line":38,"column":18},"end":{"line":38,"column":34}}},"6":{"name":"(anonymous_6)","line":46,"loc":{"start":{"line":46,"column":20},"end":{"line":46,"column":39}}},"7":{"name":"(anonymous_7)","line":56,"loc":{"start":{"line":56,"column":10},"end":{"line":56,"column":39}}},"8":{"name":"(anonymous_8)","line":64,"loc":{"start":{"line":64,"column":13},"end":{"line":64,"column":28}}}},"statementMap":{"1":{"start":{"line":3,"column":0},"end":{"line":3,"column":27}},"2":{"start":{"line":5,"column":0},"end":{"line":72,"column":2}},"3":{"start":{"line":7,"column":1},"end":{"line":7,"column":17}},"4":{"start":{"line":8,"column":1},"end":{"line":8,"column":32}},"5":{"start":{"line":10,"column":1},"end":{"line":54,"column":4}},"6":{"start":{"line":11,"column":3},"end":{"line":12,"column":32}},"7":{"start":{"line":15,"column":3},"end":{"line":15,"column":18}},"8":{"start":{"line":18,"column":3},"end":{"line":29,"column":6}},"9":{"start":{"line":19,"column":4},"end":{"line":25,"column":5}},"10":{"start":{"line":21,"column":5},"end":{"line":21,"column":39}},"11":{"start":{"line":24,"column":5},"end":{"line":24,"column":22}},"12":{"start":{"line":31,"column":3},"end":{"line":31,"column":16}},"13":{"start":{"line":34,"column":3},"end":{"line":35,"column":32}},"14":{"start":{"line":38,"column":3},"end":{"line":42,"column":6}},"15":{"start":{"line":40,"column":4},"end":{"line":40,"column":27}},"16":{"start":{"line":44,"column":3},"end":{"line":44,"column":16}},"17":{"start":{"line":47,"column":3},"end":{"line":50,"column":54}},"18":{"start":{"line":53,"column":3},"end":{"line":53,"column":21}},"19":{"start":{"line":56,"column":1},"end":{"line":62,"column":3}},"20":{"start":{"line":57,"column":2},"end":{"line":57,"column":25}},"21":{"start":{"line":59,"column":2},"end":{"line":61,"column":26}},"22":{"start":{"line":64,"column":1},"end":{"line":66,"column":3}},"23":{"start":{"line":65,"column":2},"end":{"line":65,"column":28}},"24":{"start":{"line":68,"column":1},"end":{"line":68,"column":14}},"25":{"start":{"line":69,"column":1},"end":{"line":69,"column":28}},"26":{"start":{"line":71,"column":1},"end":{"line":71,"column":11}}},"branchMap":{"1":{"line":7,"type":"binary-expr","locations":[{"start":{"line":7,"column":7},"end":{"line":7,"column":10}},{"start":{"line":7,"column":14},"end":{"line":7,"column":16}}]},"2":{"line":8,"type":"binary-expr","locations":[{"start":{"line":8,"column":14},"end":{"line":8,"column":24}},{"start":{"line":8,"column":28},"end":{"line":8,"column":31}}]},"3":{"line":19,"type":"if","locations":[{"start":{"line":19,"column":4},"end":{"line":19,"column":4}},{"start":{"line":19,"column":4},"end":{"line":19,"column":4}}]},"4":{"line":21,"type":"binary-expr","locations":[{"start":{"line":21,"column":24},"end":{"line":21,"column":32}},{"start":{"line":21,"column":36},"end":{"line":21,"column":38}}]},"5":{"line":40,"type":"binary-expr","locations":[{"start":{"line":40,"column":12},"end":{"line":40,"column":20}},{"start":{"line":40,"column":24},"end":{"line":40,"column":26}}]},"6":{"line":50,"type":"cond-expr","locations":[{"start":{"line":50,"column":24},"end":{"line":50,"column":48}},{"start":{"line":50,"column":51},"end":{"line":50,"column":53}}]},"7":{"line":57,"type":"binary-expr","locations":[{"start":{"line":57,"column":10},"end":{"line":57,"column":15}},{"start":{"line":57,"column":19},"end":{"line":57,"column":24}}]},"8":{"line":59,"type":"cond-expr","locations":[{"start":{"line":60,"column":3},"end":{"line":60,"column":35}},{"start":{"line":61,"column":3},"end":{"line":61,"column":25}}]},"9":{"line":59,"type":"binary-expr","locations":[{"start":{"line":59,"column":10},"end":{"line":59,"column":15}},{"start":{"line":59,"column":19},"end":{"line":59,"column":38}}]}}}}