{"src/main.js":{"path":"src/main.js","s":{"1":1,"2":1,"3":11,"4":11,"5":17,"6":17,"7":17,"8":27,"9":10,"10":17,"11":17,"12":43,"13":43,"14":61,"15":43,"16":3,"17":3,"18":11,"19":11,"20":59,"21":59,"22":11,"23":3,"24":11},"b":{"1":[11,11],"2":[10,17],"3":[10,6],"4":[61,24],"5":[1,2],"6":[59,57],"7":[17,42],"8":[59,57]},"f":{"1":11,"2":17,"3":27,"4":43,"5":61,"6":3,"7":59,"8":3},"fnMap":{"1":{"name":"(anonymous_1)","line":5,"loc":{"start":{"line":5,"column":17},"end":{"line":5,"column":38}}},"2":{"name":"(anonymous_2)","line":8,"loc":{"start":{"line":8,"column":23},"end":{"line":8,"column":49}}},"3":{"name":"(anonymous_3)","line":16,"loc":{"start":{"line":16,"column":18},"end":{"line":16,"column":34}}},"4":{"name":"(anonymous_4)","line":31,"loc":{"start":{"line":31,"column":17},"end":{"line":31,"column":36}}},"5":{"name":"(anonymous_5)","line":36,"loc":{"start":{"line":36,"column":18},"end":{"line":36,"column":34}}},"6":{"name":"(anonymous_6)","line":44,"loc":{"start":{"line":44,"column":20},"end":{"line":44,"column":39}}},"7":{"name":"(anonymous_7)","line":57,"loc":{"start":{"line":57,"column":10},"end":{"line":57,"column":39}}},"8":{"name":"(anonymous_8)","line":65,"loc":{"start":{"line":65,"column":13},"end":{"line":65,"column":28}}}},"statementMap":{"1":{"start":{"line":3,"column":0},"end":{"line":3,"column":27}},"2":{"start":{"line":5,"column":0},"end":{"line":70,"column":2}},"3":{"start":{"line":6,"column":1},"end":{"line":6,"column":30}},"4":{"start":{"line":8,"column":1},"end":{"line":52,"column":4}},"5":{"start":{"line":9,"column":3},"end":{"line":10,"column":31}},"6":{"start":{"line":13,"column":3},"end":{"line":13,"column":18}},"7":{"start":{"line":16,"column":3},"end":{"line":27,"column":6}},"8":{"start":{"line":17,"column":4},"end":{"line":23,"column":5}},"9":{"start":{"line":19,"column":5},"end":{"line":19,"column":39}},"10":{"start":{"line":22,"column":5},"end":{"line":22,"column":22}},"11":{"start":{"line":29,"column":3},"end":{"line":29,"column":16}},"12":{"start":{"line":32,"column":3},"end":{"line":33,"column":31}},"13":{"start":{"line":36,"column":3},"end":{"line":40,"column":6}},"14":{"start":{"line":38,"column":4},"end":{"line":38,"column":27}},"15":{"start":{"line":42,"column":3},"end":{"line":42,"column":16}},"16":{"start":{"line":45,"column":3},"end":{"line":48,"column":54}},"17":{"start":{"line":51,"column":3},"end":{"line":51,"column":21}},"18":{"start":{"line":55,"column":1},"end":{"line":55,"column":14}},"19":{"start":{"line":57,"column":1},"end":{"line":63,"column":3}},"20":{"start":{"line":58,"column":2},"end":{"line":58,"column":25}},"21":{"start":{"line":60,"column":2},"end":{"line":62,"column":26}},"22":{"start":{"line":65,"column":1},"end":{"line":67,"column":3}},"23":{"start":{"line":66,"column":2},"end":{"line":66,"column":28}},"24":{"start":{"line":69,"column":1},"end":{"line":69,"column":11}}},"branchMap":{"1":{"line":6,"type":"binary-expr","locations":[{"start":{"line":6,"column":13},"end":{"line":6,"column":22}},{"start":{"line":6,"column":26},"end":{"line":6,"column":29}}]},"2":{"line":17,"type":"if","locations":[{"start":{"line":17,"column":4},"end":{"line":17,"column":4}},{"start":{"line":17,"column":4},"end":{"line":17,"column":4}}]},"3":{"line":19,"type":"binary-expr","locations":[{"start":{"line":19,"column":24},"end":{"line":19,"column":32}},{"start":{"line":19,"column":36},"end":{"line":19,"column":38}}]},"4":{"line":38,"type":"binary-expr","locations":[{"start":{"line":38,"column":12},"end":{"line":38,"column":20}},{"start":{"line":38,"column":24},"end":{"line":38,"column":26}}]},"5":{"line":48,"type":"cond-expr","locations":[{"start":{"line":48,"column":24},"end":{"line":48,"column":48}},{"start":{"line":48,"column":51},"end":{"line":48,"column":53}}]},"6":{"line":58,"type":"binary-expr","locations":[{"start":{"line":58,"column":10},"end":{"line":58,"column":15}},{"start":{"line":58,"column":19},"end":{"line":58,"column":24}}]},"7":{"line":60,"type":"cond-expr","locations":[{"start":{"line":61,"column":3},"end":{"line":61,"column":35}},{"start":{"line":62,"column":3},"end":{"line":62,"column":25}}]},"8":{"line":60,"type":"binary-expr","locations":[{"start":{"line":60,"column":10},"end":{"line":60,"column":15}},{"start":{"line":60,"column":19},"end":{"line":60,"column":38}}]}}}}