TN:
SF:src/namespace.js
FN:5,(anonymous_1)
FN:8,(anonymous_2)
FN:16,(anonymous_3)
FN:31,(anonymous_4)
FN:36,(anonymous_5)
FN:44,(anonymous_6)
FN:57,(anonymous_7)
FN:65,(anonymous_8)
FNF:8
FNH:8
FNDA:11,(anonymous_1)
FNDA:17,(anonymous_2)
FNDA:27,(anonymous_3)
FNDA:43,(anonymous_4)
FNDA:61,(anonymous_5)
FNDA:3,(anonymous_6)
FNDA:59,(anonymous_7)
FNDA:3,(anonymous_8)
DA:3,1
DA:5,1
DA:6,11
DA:8,11
DA:9,17
DA:13,17
DA:16,17
DA:17,27
DA:19,10
DA:22,17
DA:29,17
DA:32,43
DA:36,43
DA:38,61
DA:42,43
DA:45,3
DA:51,3
DA:55,11
DA:57,11
DA:58,59
DA:60,59
DA:65,11
DA:66,3
DA:69,11
LF:24
LH:24
BRDA:6,1,0,11
BRDA:6,1,1,11
BRDA:17,2,0,10
BRDA:17,2,1,17
BRDA:19,3,0,10
BRDA:19,3,1,6
BRDA:38,4,0,61
BRDA:38,4,1,24
BRDA:48,5,0,1
BRDA:48,5,1,2
BRDA:58,6,0,59
BRDA:58,6,1,57
BRDA:60,7,0,17
BRDA:60,7,1,42
BRDA:60,8,0,59
BRDA:60,8,1,57
BRF:16
BRH:16
end_of_record
