TN:
SF:src/main.js
FN:5,(anonymous_1)
FN:10,(anonymous_2)
FN:18,(anonymous_3)
FN:33,(anonymous_4)
FN:38,(anonymous_5)
FN:46,(anonymous_6)
FN:56,(anonymous_7)
FN:64,(anonymous_8)
FNF:8
FNH:8
FNDA:11,(anonymous_1)
FNDA:17,(anonymous_2)
FNDA:27,(anonymous_3)
FNDA:43,(anonymous_4)
FNDA:61,(anonymous_5)
FNDA:3,(anonymous_6)
FNDA:59,(anonymous_7)
FNDA:3,(anonymous_8)
DA:3,1
DA:5,1
DA:7,11
DA:8,11
DA:10,11
DA:11,17
DA:15,17
DA:18,17
DA:19,27
DA:21,10
DA:24,17
DA:31,17
DA:34,43
DA:38,43
DA:40,61
DA:44,43
DA:47,3
DA:53,3
DA:56,11
DA:57,59
DA:59,59
DA:64,11
DA:65,3
DA:68,11
DA:69,11
DA:71,11
LF:26
LH:26
BRDA:7,1,0,11
BRDA:7,1,1,11
BRDA:8,2,0,11
BRDA:8,2,1,11
BRDA:19,3,0,10
BRDA:19,3,1,17
BRDA:21,4,0,10
BRDA:21,4,1,6
BRDA:40,5,0,61
BRDA:40,5,1,24
BRDA:50,6,0,1
BRDA:50,6,1,2
BRDA:57,7,0,59
BRDA:57,7,1,57
BRDA:59,8,0,17
BRDA:59,8,1,42
BRDA:59,9,0,59
BRDA:59,9,1,57
BRF:18
BRH:18
end_of_record
